<?xml version="1.0" encoding="UTF-8"?>
<testng-results ignored="0" total="1" passed="0" failed="1" skipped="0">
  <reporter-output>
  </reporter-output>
  <suite started-at="2022-09-03T19:56:47 IST" name="Surefire suite" finished-at="2022-09-03T19:57:47 IST" duration-ms="60644">
    <groups>
    </groups>
    <test started-at="2022-09-03T19:56:47 IST" name="Surefire test" finished-at="2022-09-03T19:57:47 IST" duration-ms="60644">
      <class name="com.TestVagrant.testCases.MovieDetailExtractAndValidateTestCase">
        <test-method is-config="true" signature="loadConfiguration()[pri:0, instance:com.TestVagrant.testCases.MovieDetailExtractAndValidateTestCase@77e4c80f]" started-at="2022-09-03T19:56:47 IST" name="loadConfiguration" finished-at="2022-09-03T19:56:51 IST" duration-ms="4709" status="PASS">
          <reporter-output>
          </reporter-output>
        </test-method> <!-- loadConfiguration -->
        <test-method signature="Extract_ReleaseDate_Country_And_Validate()[pri:0, instance:com.TestVagrant.testCases.MovieDetailExtractAndValidateTestCase@77e4c80f]" started-at="2022-09-03T19:56:51 IST" name="Extract_ReleaseDate_Country_And_Validate" finished-at="2022-09-03T19:57:47 IST" duration-ms="55347" status="FAIL">
          <exception class="java.lang.AssertionError">
            <message>
              <![CDATA[ Assert Failed : Country origin of movie Pushpa: The Rise is different in IMDB & Wiki expected [] but found [India]]]>
            </message>
            <full-stacktrace>
              <![CDATA[java.lang.AssertionError:  Assert Failed : Country origin of movie Pushpa: The Rise is different in IMDB & Wiki expected [] but found [India]
at org.testng.Assert.fail(Assert.java:99)
at org.testng.Assert.failNotEquals(Assert.java:1037)
at org.testng.Assert.assertEqualsImpl(Assert.java:140)
at org.testng.Assert.assertEquals(Assert.java:122)
at org.testng.Assert.assertEquals(Assert.java:629)
at com.TestVagrant.testCases.MovieDetailExtractAndValidateTestCase.Extract_ReleaseDate_Country_And_Validate(MovieDetailExtractAndValidateTestCase.java:60)
at java.base/jdk.internal.reflect.NativeMethodAccessorImpl.invoke0(Native Method)
at java.base/jdk.internal.reflect.NativeMethodAccessorImpl.invoke(NativeMethodAccessorImpl.java:77)
at java.base/jdk.internal.reflect.DelegatingMethodAccessorImpl.invoke(DelegatingMethodAccessorImpl.java:43)
at java.base/java.lang.reflect.Method.invoke(Method.java:568)
at org.testng.internal.MethodInvocationHelper.invokeMethod(MethodInvocationHelper.java:132)
at org.testng.internal.TestInvoker.invokeMethod(TestInvoker.java:599)
at org.testng.internal.TestInvoker.invokeTestMethod(TestInvoker.java:174)
at org.testng.internal.MethodRunner.runInSequence(MethodRunner.java:46)
at org.testng.internal.TestInvoker$MethodInvocationAgent.invoke(TestInvoker.java:822)
at org.testng.internal.TestInvoker.invokeTestMethods(TestInvoker.java:147)
at org.testng.internal.TestMethodWorker.invokeTestMethods(TestMethodWorker.java:146)
at org.testng.internal.TestMethodWorker.run(TestMethodWorker.java:128)
at java.base/java.util.ArrayList.forEach(ArrayList.java:1511)
at org.testng.TestRunner.privateRun(TestRunner.java:764)
at org.testng.TestRunner.run(TestRunner.java:585)
at org.testng.SuiteRunner.runTest(SuiteRunner.java:384)
at org.testng.SuiteRunner.runSequentially(SuiteRunner.java:378)
at org.testng.SuiteRunner.privateRun(SuiteRunner.java:337)
at org.testng.SuiteRunner.run(SuiteRunner.java:286)
at org.testng.SuiteRunnerWorker.runSuite(SuiteRunnerWorker.java:53)
at org.testng.SuiteRunnerWorker.run(SuiteRunnerWorker.java:96)
at org.testng.TestNG.runSuitesSequentially(TestNG.java:1218)
at org.testng.TestNG.runSuitesLocally(TestNG.java:1140)
at org.testng.TestNG.runSuites(TestNG.java:1069)
at org.testng.TestNG.run(TestNG.java:1037)
at org.apache.maven.surefire.testng.TestNGExecutor.run(TestNGExecutor.java:135)
at org.apache.maven.surefire.testng.TestNGDirectoryTestSuite.executeSingleClass(TestNGDirectoryTestSuite.java:112)
at org.apache.maven.surefire.testng.TestNGDirectoryTestSuite.execute(TestNGDirectoryTestSuite.java:99)
at org.apache.maven.surefire.testng.TestNGProvider.invoke(TestNGProvider.java:146)
at org.apache.maven.surefire.booter.ForkedBooter.invokeProviderInSameClassLoader(ForkedBooter.java:384)
at org.apache.maven.surefire.booter.ForkedBooter.runSuitesInProcess(ForkedBooter.java:345)
at org.apache.maven.surefire.booter.ForkedBooter.execute(ForkedBooter.java:126)
at org.apache.maven.surefire.booter.ForkedBooter.main(ForkedBooter.java:418)
]]>
            </full-stacktrace>
          </exception> <!-- java.lang.AssertionError -->
          <reporter-output>
          </reporter-output>
        </test-method> <!-- Extract_ReleaseDate_Country_And_Validate -->
        <test-method is-config="true" signature="destroyConfiguration()[pri:0, instance:com.TestVagrant.testCases.MovieDetailExtractAndValidateTestCase@77e4c80f]" started-at="2022-09-03T19:57:47 IST" name="destroyConfiguration" finished-at="2022-09-03T19:57:47 IST" duration-ms="516" status="PASS">
          <reporter-output>
          </reporter-output>
        </test-method> <!-- destroyConfiguration -->
      </class> <!-- com.TestVagrant.testCases.MovieDetailExtractAndValidateTestCase -->
    </test> <!-- Surefire test -->
  </suite> <!-- Surefire suite -->
</testng-results>
